<?xml version="1.0" encoding="UTF-8"?>
<coverage generated="1693060290109" clover="3.2.0">
  <project timestamp="1693060290109" name="All files">
    <metrics statements="14" coveredstatements="14" conditionals="4" coveredconditionals="4" methods="2" coveredmethods="2" elements="20" coveredelements="20" complexity="0" loc="14" ncloc="14" packages="1" files="1" classes="1"/>
    <file name="merge.ts" path="/Users/kittanat/Dev/primo_world/src/module/merge.ts">
      <metrics statements="14" coveredstatements="14" conditionals="4" coveredconditionals="4" methods="2" coveredmethods="2"/>
      <line num="15" count="1" type="stmt"/>
      <line num="16" count="3" type="stmt"/>
      <line num="17" count="3" type="stmt"/>
      <line num="21" count="1" type="stmt"/>
      <line num="23" count="37" type="stmt"/>
      <line num="24" count="37" type="cond" truecount="2" falsecount="0"/>
      <line num="26" count="17" type="stmt"/>
      <line num="28" count="17" type="stmt"/>
      <line num="29" count="32" type="stmt"/>
      <line num="30" count="32" type="cond" truecount="2" falsecount="0"/>
      <line num="31" count="8" type="stmt"/>
      <line num="33" count="24" type="stmt"/>
      <line num="36" count="17" type="stmt"/>
      <line num="37" count="17" type="stmt"/>
    </file>
  </project>
</coverage>
