{"/Users/kittanat/Dev/primo_world/src/module/merge.ts": {"path":"/Users/kittanat/Dev/primo_world/src/module/merge.ts","statementMap":{"0":{"start":{"line":15,"column":14},"end":{"line":18,"column":1}},"1":{"start":{"line":16,"column":33},"end":{"line":16,"column":66}},"2":{"start":{"line":17,"column":4},"end":{"line":17,"column":25}},"3":{"start":{"line":21,"column":14},"end":{"line":39,"column":1}},"4":{"start":{"line":23,"column":4},"end":{"line":23,"column":30}},"5":{"start":{"line":24,"column":4},"end":{"line":24,"column":36}},"6":{"start":{"line":24,"column":26},"end":{"line":24,"column":36}},"7":{"start":{"line":26,"column":29},"end":{"line":26,"column":31}},"8":{"start":{"line":26,"column":55},"end":{"line":26,"column":57}},"9":{"start":{"line":26,"column":74},"end":{"line":26,"column":81}},"10":{"start":{"line":28,"column":4},"end":{"line":34,"column":5}},"11":{"start":{"line":28,"column":17},"end":{"line":28,"column":18}},"12":{"start":{"line":29,"column":8},"end":{"line":29,"column":58}},"13":{"start":{"line":30,"column":8},"end":{"line":33,"column":32}},"14":{"start":{"line":31,"column":12},"end":{"line":31,"column":30}},"15":{"start":{"line":33,"column":12},"end":{"line":33,"column":32}},"16":{"start":{"line":36,"column":4},"end":{"line":36,"column":52}},"17":{"start":{"line":37,"column":4},"end":{"line":37,"column":51}}},"fnMap":{"0":{"name":"(anonymous_0)","decl":{"start":{"line":15,"column":14},"end":{"line":15,"column":15}},"loc":{"start":{"line":15,"column":74},"end":{"line":18,"column":1}},"line":15},"1":{"name":"(anonymous_1)","decl":{"start":{"line":21,"column":14},"end":{"line":21,"column":15}},"loc":{"start":{"line":21,"column":38},"end":{"line":39,"column":1}},"line":21}},"branchMap":{"0":{"loc":{"start":{"line":24,"column":4},"end":{"line":24,"column":36}},"type":"if","locations":[{"start":{"line":24,"column":4},"end":{"line":24,"column":36}},{"start":{},"end":{}}],"line":24},"1":{"loc":{"start":{"line":30,"column":8},"end":{"line":33,"column":32}},"type":"if","locations":[{"start":{"line":30,"column":8},"end":{"line":33,"column":32}},{"start":{"line":33,"column":12},"end":{"line":33,"column":32}}],"line":30}},"s":{"0":1,"1":3,"2":3,"3":1,"4":37,"5":37,"6":20,"7":17,"8":17,"9":17,"10":17,"11":17,"12":32,"13":32,"14":8,"15":24,"16":17,"17":17},"f":{"0":3,"1":37},"b":{"0":[20,17],"1":[8,24]},"_coverageSchema":"1a1c01bbd47fc00a2c39e90264f33305004495a9","hash":"31a00d897b6335a5a8bdd93b2663b1a5739fe8b5"}
}
